# JRE version: Java(TM) SE Runtime Environment (18.0.1.1+2) (build 18.0.1.1+2-6)
# Java VM: Java HotSpot(TM) 64-Bit Server VM (18.0.1.1+2-6, mixed mode, sharing, tiered, compressed oops, compressed class ptrs, g1 gc, windows-amd64)
GC Precious Log:
 CardTable entry size: 512
 Card Set container configuration: InlinePtr #cards 5 size 8 Array Of Cards #cards 12 size 40 Howl #buckets 4 coarsen threshold 1843 Howl Bitmap #cards 512 size 80 coarsen threshold 460 Card regions per heap region 1 cards per card region 2048
 CPUs: 4 total, 4 available
 Memory: 8096M
 Large Page Support: Disabled
 NUMA Support: Disabled
 Compressed Oops: Enabled (32-bit)
 Heap Region Size: 1M
 Heap Min Capacity: 8M
 Heap Initial Capacity: 128M
 Heap Max Capacity: 2026M
 Pre-touch: Disabled
 Parallel Workers: 4
 Concurrent Workers: 1
 Concurrent Refinement Workers: 4
 Periodic GC: Disabled
Heap:
 garbage-first heap   total 123904K, used 74831K [0x0000000081600000, 0x0000000100000000)
  region size 1024K, 11 young (11264K), 4 survivors (4096K)
 Metaspace       used 68319K, committed 69120K, reserved 1114112K
  class space    used 7704K, committed 8128K, reserved 1048576K
GC Heap History (20 events):
Event: 10.187 GC heap before
{Heap before GC invocations=7 (full 0):
 garbage-first heap   total 65536K, used 47019K [0x0000000081600000, 0x0000000100000000)
  region size 1024K, 23 young (23552K), 3 survivors (3072K)
 Metaspace       used 33300K, committed 33856K, reserved 1114112K
  class space    used 4204K, committed 4480K, reserved 1048576K
}
Event: 10.214 GC heap after
{Heap after GC invocations=8 (full 0):
 garbage-first heap   total 131072K, used 28755K [0x0000000081600000, 0x0000000100000000)
  region size 1024K, 3 young (3072K), 3 survivors (3072K)
 Metaspace       used 33300K, committed 33856K, reserved 1114112K
  class space    used 4204K, committed 4480K, reserved 1048576K
}
Event: 11.491 GC heap before
{Heap before GC invocations=8 (full 0):
 garbage-first heap   total 131072K, used 42067K [0x0000000081600000, 0x0000000100000000)
  region size 1024K, 17 young (17408K), 3 survivors (3072K)
 Metaspace       used 35557K, committed 36288K, reserved 1114112K
  class space    used 4503K, committed 4864K, reserved 1048576K
}
Event: 11.511 GC heap after
{Heap after GC invocations=9 (full 0):
 garbage-first heap   total 131072K, used 29523K [0x0000000081600000, 0x0000000100000000)
  region size 1024K, 3 young (3072K), 3 survivors (3072K)
 Metaspace       used 35557K, committed 36288K, reserved 1114112K
  class space    used 4503K, committed 4864K, reserved 1048576K
}
Event: 14.511 GC heap before
{Heap before GC invocations=10 (full 0):
 garbage-first heap   total 102400K, used 90963K [0x0000000081600000, 0x0000000100000000)
  region size 1024K, 60 young (61440K), 3 survivors (3072K)
 Metaspace       used 44941K, committed 45696K, reserved 1114112K
  class space    used 5435K, committed 5824K, reserved 1048576K
}
Event: 14.534 GC heap after
{Heap after GC invocations=11 (full 0):
 garbage-first heap   total 102400K, used 39673K [0x0000000081600000, 0x0000000100000000)
  region size 1024K, 8 young (8192K), 8 survivors (8192K)
 Metaspace       used 44941K, committed 45696K, reserved 1114112K
  class space    used 5435K, committed 5824K, reserved 1048576K
}
Event: 15.304 GC heap before
{Heap before GC invocations=11 (full 0):
 garbage-first heap   total 102400K, used 77561K [0x0000000081600000, 0x0000000100000000)
  region size 1024K, 45 young (46080K), 8 survivors (8192K)
 Metaspace       used 45516K, committed 46272K, reserved 1114112K
  class space    used 5448K, committed 5824K, reserved 1048576K
}
Event: 15.341 GC heap after
{Heap after GC invocations=12 (full 0):
 garbage-first heap   total 102400K, used 43877K [0x0000000081600000, 0x0000000100000000)
  region size 1024K, 4 young (4096K), 4 survivors (4096K)
 Metaspace       used 45516K, committed 46272K, reserved 1114112K
  class space    used 5448K, committed 5824K, reserved 1048576K
}
Event: 16.323 GC heap before
{Heap before GC invocations=12 (full 0):
 garbage-first heap   total 102400K, used 78693K [0x0000000081600000, 0x0000000100000000)
  region size 1024K, 38 young (38912K), 4 survivors (4096K)
 Metaspace       used 47447K, committed 48192K, reserved 1114112K
  class space    used 5642K, committed 6016K, reserved 1048576K
}
Event: 16.345 GC heap after
{Heap after GC invocations=13 (full 0):
 garbage-first heap   total 102400K, used 48439K [0x0000000081600000, 0x0000000100000000)
  region size 1024K, 5 young (5120K), 5 survivors (5120K)
 Metaspace       used 47447K, committed 48192K, reserved 1114112K
  class space    used 5642K, committed 6016K, reserved 1048576K
}
Event: 19.077 GC heap before
{Heap before GC invocations=13 (full 0):
 garbage-first heap   total 102400K, used 79159K [0x0000000081600000, 0x0000000100000000)
  region size 1024K, 35 young (35840K), 5 survivors (5120K)
 Metaspace       used 50541K, committed 51264K, reserved 1114112K
  class space    used 5956K, committed 6336K, reserved 1048576K
}
Event: 19.113 GC heap after
{Heap after GC invocations=14 (full 0):
 garbage-first heap   total 102400K, used 52337K [0x0000000081600000, 0x0000000100000000)
  region size 1024K, 4 young (4096K), 4 survivors (4096K)
 Metaspace       used 50541K, committed 51264K, reserved 1114112K
  class space    used 5956K, committed 6336K, reserved 1048576K
}
Event: 20.923 GC heap before
{Heap before GC invocations=14 (full 0):
 garbage-first heap   total 102400K, used 79985K [0x0000000081600000, 0x0000000100000000)
  region size 1024K, 31 young (31744K), 4 survivors (4096K)
 Metaspace       used 55496K, committed 56192K, reserved 1114112K
  class space    used 6416K, committed 6784K, reserved 1048576K
}
Event: 20.952 GC heap after
{Heap after GC invocations=15 (full 0):
 garbage-first heap   total 123904K, used 55550K [0x0000000081600000, 0x0000000100000000)
  region size 1024K, 3 young (3072K), 3 survivors (3072K)
 Metaspace       used 55496K, committed 56192K, reserved 1114112K
  class space    used 6416K, committed 6784K, reserved 1048576K
}
Event: 24.081 GC heap before
{Heap before GC invocations=16 (full 0):
 garbage-first heap   total 123904K, used 96510K [0x0000000081600000, 0x0000000100000000)
  region size 1024K, 43 young (44032K), 3 survivors (3072K)
 Metaspace       used 57202K, committed 58048K, reserved 1114112K
  class space    used 6618K, committed 7040K, reserved 1048576K
}
Event: 24.120 GC heap after
{Heap after GC invocations=17 (full 0):
 garbage-first heap   total 123904K, used 61012K [0x0000000081600000, 0x0000000100000000)
  region size 1024K, 6 young (6144K), 6 survivors (6144K)
 Metaspace       used 57202K, committed 58048K, reserved 1114112K
  class space    used 6618K, committed 7040K, reserved 1048576K
}
Event: 26.169 GC heap before
{Heap before GC invocations=17 (full 0):
 garbage-first heap   total 123904K, used 96852K [0x0000000081600000, 0x0000000100000000)
  region size 1024K, 41 young (41984K), 6 survivors (6144K)
 Metaspace       used 62127K, committed 62912K, reserved 1114112K
  class space    used 7152K, committed 7552K, reserved 1048576K
}
Event: 26.207 GC heap after
{Heap after GC invocations=18 (full 0):
 garbage-first heap   total 123904K, used 64832K [0x0000000081600000, 0x0000000100000000)
  region size 1024K, 4 young (4096K), 4 survivors (4096K)
 Metaspace       used 62127K, committed 62912K, reserved 1114112K
  class space    used 7152K, committed 7552K, reserved 1048576K
}
Event: 27.858 GC heap before
{Heap before GC invocations=18 (full 0):
 garbage-first heap   total 123904K, used 98624K [0x0000000081600000, 0x0000000100000000)
  region size 1024K, 37 young (37888K), 4 survivors (4096K)
 Metaspace       used 67901K, committed 68736K, reserved 1114112K
  class space    used 7683K, committed 8128K, reserved 1048576K
}
Event: 27.889 GC heap after
{Heap after GC invocations=19 (full 0):
 garbage-first heap   total 123904K, used 68687K [0x0000000081600000, 0x0000000100000000)
  region size 1024K, 4 young (4096K), 4 survivors (4096K)
 Metaspace       used 67901K, committed 68736K, reserved 1114112K
  class space    used 7683K, committed 8128K, reserved 1048576K
}

